<?xml version="1.0" encoding="UTF-8"?>
<!-- Generated by org.testng.reporters.JUnitXMLReporter -->
<testsuite ignored="0" hostname="Abiramis-MBP.fritz.box" failures="0" tests="2" name="Default test" time="38.051" errors="0" timestamp="2023-09-07T23:18:03 CEST">
  <testcase classname="io.cucumber.testng.AbstractTestNGCucumberTests" name="runScenario" time="19.796"/>
  <testcase classname="io.cucumber.testng.AbstractTestNGCucumberTests" name="runScenario" time="37.812"/>
</testsuite> <!-- Default test -->
