<?xml version="1.0" encoding="UTF-8"?>
<testng-results ignored="0" total="1" passed="1" failed="0" skipped="0">
  <reporter-output>
  </reporter-output>
  <suite started-at="2023-08-31T21:41:40 CEST" name="Default suite" finished-at="2023-08-31T21:42:03 CEST" duration-ms="23286">
    <groups>
      <group name="cucumber">
        <method signature="AbstractTestNGCucumberTests.runScenario(io.cucumber.testng.PickleWrapper,io.cucumber.testng.FeatureWrapper)[pri:0, instance:cucumberOptions.TestNGTestRunner@3febb011]" name="runScenario" class="io.cucumber.testng.AbstractTestNGCucumberTests"/>
      </group> <!-- cucumber -->
    </groups>
    <test started-at="2023-08-31T21:41:40 CEST" name="Default test" finished-at="2023-08-31T21:42:03 CEST" duration-ms="23286">
      <class name="cucumberOptions.TestNGTestRunner">
        <test-method is-config="true" signature="setUpClass(org.testng.ITestContext)[pri:0, instance:cucumberOptions.TestNGTestRunner@3febb011]" started-at="2023-08-31T21:41:40 CEST" name="setUpClass" finished-at="2023-08-31T21:41:40 CEST" duration-ms="248" status="PASS">
          <params>
            <param index="0">
              <value>
                <![CDATA[org.testng.TestRunner@2a097d77]]>
              </value>
            </param>
          </params>
          <reporter-output>
          </reporter-output>
        </test-method> <!-- setUpClass -->
        <test-method signature="runScenario(io.cucumber.testng.PickleWrapper,io.cucumber.testng.FeatureWrapper)[pri:0, instance:cucumberOptions.TestNGTestRunner@3febb011]" started-at="2023-08-31T21:41:40 CEST" name="runScenario" description="Runs Cucumber Scenarios" data-provider="scenarios" finished-at="2023-08-31T21:42:02 CEST" duration-ms="22100" status="PASS">
          <params>
            <param index="0">
              <value>
                <![CDATA[": validation of Edit functionality of input fields in About Salon-Info page"]]>
              </value>
            </param>
            <param index="1">
              <value>
                <![CDATA["Validation of edit functionality in About page"]]>
              </value>
            </param>
          </params>
          <reporter-output>
          </reporter-output>
        </test-method> <!-- runScenario -->
        <test-method is-config="true" signature="tearDownClass()[pri:0, instance:cucumberOptions.TestNGTestRunner@3febb011]" started-at="2023-08-31T21:42:02 CEST" name="tearDownClass" finished-at="2023-08-31T21:42:03 CEST" duration-ms="923" status="PASS">
          <reporter-output>
          </reporter-output>
        </test-method> <!-- tearDownClass -->
      </class> <!-- cucumberOptions.TestNGTestRunner -->
    </test> <!-- Default test -->
  </suite> <!-- Default suite -->
</testng-results>
