<?xml version="1.0" encoding="UTF-8"?>
<testng-results ignored="0" total="2" passed="2" failed="0" skipped="0">
  <reporter-output>
  </reporter-output>
  <suite started-at="2023-09-07T23:17:25 CEST" name="Default suite" finished-at="2023-09-07T23:18:03 CEST" duration-ms="38051">
    <groups>
      <group name="cucumber">
        <method signature="AbstractTestNGCucumberTests.runScenario(io.cucumber.testng.PickleWrapper,io.cucumber.testng.FeatureWrapper)[pri:0, instance:cucumberOptions.FailedTestRunner@3febb011]" name="runScenario" class="io.cucumber.testng.AbstractTestNGCucumberTests"/>
      </group> <!-- cucumber -->
    </groups>
    <test started-at="2023-09-07T23:17:25 CEST" name="Default test" finished-at="2023-09-07T23:18:03 CEST" duration-ms="38051">
      <class name="cucumberOptions.FailedTestRunner">
        <test-method is-config="true" signature="setUpClass(org.testng.ITestContext)[pri:0, instance:cucumberOptions.FailedTestRunner@3febb011]" started-at="2023-09-07T23:17:25 CEST" name="setUpClass" finished-at="2023-09-07T23:17:25 CEST" duration-ms="201" status="PASS">
          <params>
            <param index="0">
              <value>
                <![CDATA[org.testng.TestRunner@6691490c]]>
              </value>
            </param>
          </params>
          <reporter-output>
          </reporter-output>
        </test-method> <!-- setUpClass -->
        <test-method signature="runScenario(io.cucumber.testng.PickleWrapper,io.cucumber.testng.FeatureWrapper)[pri:0, instance:cucumberOptions.FailedTestRunner@3febb011]" started-at="2023-09-07T23:17:25 CEST" name="runScenario" description="Runs Cucumber Scenarios" data-provider="scenarios" finished-at="2023-09-07T23:17:45 CEST" duration-ms="19796" status="PASS">
          <params>
            <param index="0">
              <value>
                <![CDATA["validation of about SalonInfo screen details"]]>
              </value>
            </param>
            <param index="1">
              <value>
                <![CDATA["Validation of About screen SalonInfo in Glamz web application"]]>
              </value>
            </param>
          </params>
          <reporter-output>
          </reporter-output>
        </test-method> <!-- runScenario -->
        <test-method signature="runScenario(io.cucumber.testng.PickleWrapper,io.cucumber.testng.FeatureWrapper)[pri:0, instance:cucumberOptions.FailedTestRunner@3febb011]" started-at="2023-09-07T23:17:25 CEST" name="runScenario" description="Runs Cucumber Scenarios" data-provider="scenarios" finished-at="2023-09-07T23:18:03 CEST" duration-ms="37812" status="PASS">
          <params>
            <param index="0">
              <value>
                <![CDATA[": validation of Edit functionality of input fields in About Salon-Info page"]]>
              </value>
            </param>
            <param index="1">
              <value>
                <![CDATA["Validation of edit functionality in About page"]]>
              </value>
            </param>
          </params>
          <reporter-output>
          </reporter-output>
        </test-method> <!-- runScenario -->
        <test-method is-config="true" signature="tearDownClass()[pri:0, instance:cucumberOptions.FailedTestRunner@3febb011]" started-at="2023-09-07T23:18:03 CEST" name="tearDownClass" finished-at="2023-09-07T23:18:03 CEST" duration-ms="25" status="PASS">
          <reporter-output>
          </reporter-output>
        </test-method> <!-- tearDownClass -->
      </class> <!-- cucumberOptions.FailedTestRunner -->
    </test> <!-- Default test -->
  </suite> <!-- Default suite -->
</testng-results>
